<?xml version="1.0" encoding="UTF-8"?>
<!-- Generated by org.testng.reporters.JUnitReportReporter -->
<testsuite hostname="kadirxps" failures="0" tests="1" name="digitalpoint.tech.forumAutomation.T1_homepageValidation" time="3.156" errors="0" timestamp="2024-03-29T21:14:10 EDT" skipped="0">
  <testcase classname="digitalpoint.tech.forumAutomation.T1_homepageValidation" name="homepage" time="3.156"/>
</testsuite> <!-- digitalpoint.tech.forumAutomation.T1_homepageValidation -->
