<?xml version="1.0" encoding="UTF-8"?>
<!-- Generated by org.testng.reporters.JUnitReportReporter -->
<testsuite hostname="kadirxps" failures="0" tests="1" name="testCases.T03_RegistrationPageValidation" time="8.523" errors="0" timestamp="2024-04-08T18:45:19 EDT" skipped="0">
  <testcase classname="testCases.T03_RegistrationPageValidation" name="registrationPageTest" time="8.523"/>
</testsuite> <!-- testCases.T03_RegistrationPageValidation -->
