<?xml version="1.0" encoding="UTF-8"?>
<!-- Generated by org.testng.reporters.JUnitReportReporter -->
<testsuite hostname="kadirxps" failures="0" tests="1" name="testCases.T02_LoginPageValidation" time="7.619" errors="0" timestamp="2024-04-08T18:45:19 EDT" skipped="0">
  <testcase classname="testCases.T02_LoginPageValidation" name="loginPageTest" time="7.619"/>
</testsuite> <!-- testCases.T02_LoginPageValidation -->
