<?xml version="1.0" encoding="UTF-8"?>
<!-- Generated by org.testng.reporters.JUnitReportReporter -->
<testsuite hostname="kadirxps" failures="0" tests="1" name="testCases.T03_RegistrationPageValidation" time="6.117" errors="0" timestamp="2024-04-03T17:26:23 EDT" skipped="0">
  <testcase classname="testCases.T03_RegistrationPageValidation" name="registrationPageTest" time="6.117"/>
</testsuite> <!-- testCases.T03_RegistrationPageValidation -->
