<?xml version="1.0" encoding="UTF-8"?>
<!-- Generated by org.testng.reporters.JUnitReportReporter -->
<testsuite hostname="kadirxps" failures="0" tests="1" name="testCases.T01_HomePageValidation" time="5.916" errors="0" timestamp="2024-04-02T19:06:24 EDT" skipped="0">
  <testcase classname="testCases.T01_HomePageValidation" name="homePageTest" time="5.916"/>
</testsuite> <!-- testCases.T01_HomePageValidation -->
