<?xml version="1.0" encoding="UTF-8"?>
<!-- Generated by org.testng.reporters.JUnitReportReporter -->
<testsuite hostname="kadirxps" failures="0" tests="1" name="testCases.T01_HomePageValidation" time="6.087" errors="0" timestamp="2024-04-08T18:45:19 EDT" skipped="0">
  <testcase classname="testCases.T01_HomePageValidation" name="homePageTest" time="6.087"/>
</testsuite> <!-- testCases.T01_HomePageValidation -->
