<?xml version="1.0" encoding="UTF-8"?>
<!-- Generated by org.testng.reporters.JUnitReportReporter -->
<testsuite hostname="kadirxps" failures="0" tests="1" name="digitalpoint.tech.forumAutomation.T1_homepageValidation" time="3.871" errors="0" timestamp="2024-04-01T20:52:04 EDT" skipped="0">
  <testcase classname="digitalpoint.tech.forumAutomation.T1_homepageValidation" name="homepage" time="3.871"/>
</testsuite> <!-- digitalpoint.tech.forumAutomation.T1_homepageValidation -->
