<?xml version="1.0" encoding="UTF-8"?>
<!-- Generated by org.testng.reporters.JUnitReportReporter -->
<testsuite hostname="kadirxps" failures="0" tests="1" name="testCases.T02_LoginPageValidation" time="6.180" errors="0" timestamp="2024-04-02T19:38:05 EDT" skipped="0">
  <testcase classname="testCases.T02_LoginPageValidation" name="loginPageTest" time="6.180"/>
</testsuite> <!-- testCases.T02_LoginPageValidation -->
